<?xml version="1.0" encoding="UTF-8"?>
<testsuite xmlns:xsi="http://www.w3.org/2001/XMLSchema-instance" xsi:noNamespaceSchemaLocation="https://maven.apache.org/surefire/maven-surefire-plugin/xsd/surefire-test-report-3.0.xsd" version="3.0" name="com.example.kafka.KafkaDeserializationResilienceTest" time="14.176" tests="1" errors="0" skipped="0" failures="0">
  <properties>
    <property name="java.specification.version" value="21"/>
    <property name="sun.cpu.isalist" value="amd64"/>
    <property name="sun.jnu.encoding" value="Cp1252"/>
    <property name="java.class.path" value="C:\Dev\kafka-training\target\test-classes;C:\Dev\kafka-training\target\classes;C:\Users\MarieBONIFACIO\.m2\repository\org\apache\kafka\kafka-clients\3.4.0\kafka-clients-3.4.0.jar;C:\Users\MarieBONIFACIO\.m2\repository\com\github\luben\zstd-jni\1.5.2-1\zstd-jni-1.5.2-1.jar;C:\Users\MarieBONIFACIO\.m2\repository\org\lz4\lz4-java\1.8.0\lz4-java-1.8.0.jar;C:\Users\MarieBONIFACIO\.m2\repository\org\xerial\snappy\snappy-java\1.1.8.4\snappy-java-1.1.8.4.jar;C:\Users\MarieBONIFACIO\.m2\repository\org\slf4j\slf4j-api\1.7.36\slf4j-api-1.7.36.jar;C:\Users\MarieBONIFACIO\.m2\repository\org\junit\jupiter\junit-jupiter\5.9.2\junit-jupiter-5.9.2.jar;C:\Users\MarieBONIFACIO\.m2\repository\org\junit\jupiter\junit-jupiter-api\5.9.2\junit-jupiter-api-5.9.2.jar;C:\Users\MarieBONIFACIO\.m2\repository\org\opentest4j\opentest4j\1.2.0\opentest4j-1.2.0.jar;C:\Users\MarieBONIFACIO\.m2\repository\org\junit\platform\junit-platform-commons\1.9.2\junit-platform-commons-1.9.2.jar;C:\Users\MarieBONIFACIO\.m2\repository\org\apiguardian\apiguardian-api\1.1.2\apiguardian-api-1.1.2.jar;C:\Users\MarieBONIFACIO\.m2\repository\org\junit\jupiter\junit-jupiter-params\5.9.2\junit-jupiter-params-5.9.2.jar;C:\Users\MarieBONIFACIO\.m2\repository\org\junit\jupiter\junit-jupiter-engine\5.9.2\junit-jupiter-engine-5.9.2.jar;C:\Users\MarieBONIFACIO\.m2\repository\org\junit\platform\junit-platform-engine\1.9.2\junit-platform-engine-1.9.2.jar;C:\Users\MarieBONIFACIO\.m2\repository\org\testcontainers\junit-jupiter\1.18.3\junit-jupiter-1.18.3.jar;C:\Users\MarieBONIFACIO\.m2\repository\org\testcontainers\testcontainers\1.18.3\testcontainers-1.18.3.jar;C:\Users\MarieBONIFACIO\.m2\repository\junit\junit\4.13.2\junit-4.13.2.jar;C:\Users\MarieBONIFACIO\.m2\repository\org\hamcrest\hamcrest-core\1.3\hamcrest-core-1.3.jar;C:\Users\MarieBONIFACIO\.m2\repository\org\apache\commons\commons-compress\1.23.0\commons-compress-1.23.0.jar;C:\Users\MarieBONIFACIO\.m2\repository\org\rnorth\duct-tape\duct-tape\1.0.8\duct-tape-1.0.8.jar;C:\Users\MarieBONIFACIO\.m2\repository\org\jetbrains\annotations\17.0.0\annotations-17.0.0.jar;C:\Users\MarieBONIFACIO\.m2\repository\com\github\docker-java\docker-java-api\3.3.0\docker-java-api-3.3.0.jar;C:\Users\MarieBONIFACIO\.m2\repository\com\github\docker-java\docker-java-transport-zerodep\3.3.0\docker-java-transport-zerodep-3.3.0.jar;C:\Users\MarieBONIFACIO\.m2\repository\com\github\docker-java\docker-java-transport\3.3.0\docker-java-transport-3.3.0.jar;C:\Users\MarieBONIFACIO\.m2\repository\net\java\dev\jna\jna\5.12.1\jna-5.12.1.jar;C:\Users\MarieBONIFACIO\.m2\repository\org\awaitility\awaitility\4.2.0\awaitility-4.2.0.jar;C:\Users\MarieBONIFACIO\.m2\repository\org\hamcrest\hamcrest\2.1\hamcrest-2.1.jar;C:\Users\MarieBONIFACIO\.m2\repository\org\testcontainers\kafka\1.19.0\kafka-1.19.0.jar;C:\Users\MarieBONIFACIO\.m2\repository\com\fasterxml\jackson\core\jackson-databind\2.15.2\jackson-databind-2.15.2.jar;C:\Users\MarieBONIFACIO\.m2\repository\com\fasterxml\jackson\core\jackson-annotations\2.15.2\jackson-annotations-2.15.2.jar;C:\Users\MarieBONIFACIO\.m2\repository\com\fasterxml\jackson\core\jackson-core\2.15.2\jackson-core-2.15.2.jar;C:\Users\MarieBONIFACIO\.m2\repository\io\confluent\kafka-json-schema-serializer\7.5.0\kafka-json-schema-serializer-7.5.0.jar;C:\Users\MarieBONIFACIO\.m2\repository\io\confluent\kafka-json-schema-provider\7.5.0\kafka-json-schema-provider-7.5.0.jar;C:\Users\MarieBONIFACIO\.m2\repository\com\github\erosb\everit-json-schema\1.14.2\everit-json-schema-1.14.2.jar;C:\Users\MarieBONIFACIO\.m2\repository\org\json\json\20230227\json-20230227.jar;C:\Users\MarieBONIFACIO\.m2\repository\commons-validator\commons-validator\1.7\commons-validator-1.7.jar;C:\Users\MarieBONIFACIO\.m2\repository\commons-digester\commons-digester\2.1\commons-digester-2.1.jar;C:\Users\MarieBONIFACIO\.m2\repository\commons-logging\commons-logging\1.2\commons-logging-1.2.jar;C:\Users\MarieBONIFACIO\.m2\repository\commons-collections\commons-collections\3.2.2\commons-collections-3.2.2.jar;C:\Users\MarieBONIFACIO\.m2\repository\com\damnhandy\handy-uri-templates\2.1.8\handy-uri-templates-2.1.8.jar;C:\Users\MarieBONIFACIO\.m2\repository\com\google\re2j\re2j\1.6\re2j-1.6.jar;C:\Users\MarieBONIFACIO\.m2\repository\com\fasterxml\jackson\datatype\jackson-datatype-guava\2.14.2\jackson-datatype-guava-2.14.2.jar;C:\Users\MarieBONIFACIO\.m2\repository\com\fasterxml\jackson\datatype\jackson-datatype-jdk8\2.14.2\jackson-datatype-jdk8-2.14.2.jar;C:\Users\MarieBONIFACIO\.m2\repository\com\fasterxml\jackson\datatype\jackson-datatype-joda\2.14.2\jackson-datatype-joda-2.14.2.jar;C:\Users\MarieBONIFACIO\.m2\repository\joda-time\joda-time\2.10.8\joda-time-2.10.8.jar;C:\Users\MarieBONIFACIO\.m2\repository\com\fasterxml\jackson\datatype\jackson-datatype-jsr310\2.14.2\jackson-datatype-jsr310-2.14.2.jar;C:\Users\MarieBONIFACIO\.m2\repository\com\fasterxml\jackson\module\jackson-module-parameter-names\2.14.2\jackson-module-parameter-names-2.14.2.jar;C:\Users\MarieBONIFACIO\.m2\repository\com\kjetland\mbknor-jackson-jsonschema_2.13\1.0.39\mbknor-jackson-jsonschema_2.13-1.0.39.jar;C:\Users\MarieBONIFACIO\.m2\repository\org\scala-lang\scala-library\2.13.1\scala-library-2.13.1.jar;C:\Users\MarieBONIFACIO\.m2\repository\javax\validation\validation-api\2.0.1.Final\validation-api-2.0.1.Final.jar;C:\Users\MarieBONIFACIO\.m2\repository\io\github\classgraph\classgraph\4.8.21\classgraph-4.8.21.jar;C:\Users\MarieBONIFACIO\.m2\repository\org\jetbrains\kotlin\kotlin-stdlib\1.6.0\kotlin-stdlib-1.6.0.jar;C:\Users\MarieBONIFACIO\.m2\repository\org\jetbrains\kotlin\kotlin-stdlib-common\1.6.0\kotlin-stdlib-common-1.6.0.jar;C:\Users\MarieBONIFACIO\.m2\repository\org\jetbrains\kotlin\kotlin-scripting-jvm\1.6.0\kotlin-scripting-jvm-1.6.0.jar;C:\Users\MarieBONIFACIO\.m2\repository\org\jetbrains\kotlin\kotlin-script-runtime\1.6.0\kotlin-script-runtime-1.6.0.jar;C:\Users\MarieBONIFACIO\.m2\repository\org\jetbrains\kotlin\kotlin-scripting-common\1.6.0\kotlin-scripting-common-1.6.0.jar;C:\Users\MarieBONIFACIO\.m2\repository\org\jetbrains\kotlin\kotlin-scripting-compiler-embeddable\1.6.0\kotlin-scripting-compiler-embeddable-1.6.0.jar;C:\Users\MarieBONIFACIO\.m2\repository\org\jetbrains\kotlin\kotlin-scripting-compiler-impl-embeddable\1.6.0\kotlin-scripting-compiler-impl-embeddable-1.6.0.jar;C:\Users\MarieBONIFACIO\.m2\repository\io\confluent\kafka-schema-serializer\7.5.0\kafka-schema-serializer-7.5.0.jar;C:\Users\MarieBONIFACIO\.m2\repository\io\confluent\kafka-json-serializer\7.5.0\kafka-json-serializer-7.5.0.jar;C:\Users\MarieBONIFACIO\.m2\repository\io\confluent\common-config\7.5.0\common-config-7.5.0.jar;C:\Users\MarieBONIFACIO\.m2\repository\io\confluent\kafka-schema-registry-client\7.5.0\kafka-schema-registry-client-7.5.0.jar;C:\Users\MarieBONIFACIO\.m2\repository\org\yaml\snakeyaml\2.0\snakeyaml-2.0.jar;C:\Users\MarieBONIFACIO\.m2\repository\org\apache\avro\avro\1.11.0\avro-1.11.0.jar;C:\Users\MarieBONIFACIO\.m2\repository\io\swagger\core\v3\swagger-annotations\2.1.10\swagger-annotations-2.1.10.jar;C:\Users\MarieBONIFACIO\.m2\repository\com\google\guava\guava\32.0.1-jre\guava-32.0.1-jre.jar;C:\Users\MarieBONIFACIO\.m2\repository\com\google\guava\failureaccess\1.0.1\failureaccess-1.0.1.jar;C:\Users\MarieBONIFACIO\.m2\repository\com\google\guava\listenablefuture\9999.0-empty-to-avoid-conflict-with-guava\listenablefuture-9999.0-empty-to-avoid-conflict-with-guava.jar;C:\Users\MarieBONIFACIO\.m2\repository\com\google\code\findbugs\jsr305\3.0.2\jsr305-3.0.2.jar;C:\Users\MarieBONIFACIO\.m2\repository\org\checkerframework\checker-qual\3.33.0\checker-qual-3.33.0.jar;C:\Users\MarieBONIFACIO\.m2\repository\com\google\errorprone\error_prone_annotations\2.18.0\error_prone_annotations-2.18.0.jar;C:\Users\MarieBONIFACIO\.m2\repository\com\google\j2objc\j2objc-annotations\2.8\j2objc-annotations-2.8.jar;C:\Users\MarieBONIFACIO\.m2\repository\io\confluent\common-utils\7.5.0\common-utils-7.5.0.jar;C:\Users\MarieBONIFACIO\.m2\repository\org\slf4j\slf4j-simple\1.7.36\slf4j-simple-1.7.36.jar;"/>
    <property name="java.vm.vendor" value="Eclipse Adoptium"/>
    <property name="sun.arch.data.model" value="64"/>
    <property name="user.variant" value=""/>
    <property name="java.vendor.url" value="https://adoptium.net/"/>
    <property name="user.timezone" value="Europe/Paris"/>
    <property name="os.name" value="Windows 11"/>
    <property name="java.vm.specification.version" value="21"/>
    <property name="sun.java.launcher" value="SUN_STANDARD"/>
    <property name="user.country" value="FR"/>
    <property name="sun.boot.library.path" value="C:\Program Files\Eclipse Adoptium\jdk-21.0.7.6-hotspot\bin"/>
    <property name="sun.java.command" value="C:\Users\MarieBONIFACIO\AppData\Local\Temp\surefire14580234274749343265\surefirebooter-20250527133421289_3.jar C:\Users\MarieBONIFACIO\AppData\Local\Temp\surefire14580234274749343265 2025-05-27T13-34-21_131-jvmRun1 surefire-20250527133421289_1tmp surefire_0-20250527133421289_2tmp"/>
    <property name="jdk.debug" value="release"/>
    <property name="test" value="KafkaDeserializationResilienceTest#testDeserializationFailsOnMissingAddress"/>
    <property name="surefire.test.class.path" value="C:\Dev\kafka-training\target\test-classes;C:\Dev\kafka-training\target\classes;C:\Users\MarieBONIFACIO\.m2\repository\org\apache\kafka\kafka-clients\3.4.0\kafka-clients-3.4.0.jar;C:\Users\MarieBONIFACIO\.m2\repository\com\github\luben\zstd-jni\1.5.2-1\zstd-jni-1.5.2-1.jar;C:\Users\MarieBONIFACIO\.m2\repository\org\lz4\lz4-java\1.8.0\lz4-java-1.8.0.jar;C:\Users\MarieBONIFACIO\.m2\repository\org\xerial\snappy\snappy-java\1.1.8.4\snappy-java-1.1.8.4.jar;C:\Users\MarieBONIFACIO\.m2\repository\org\slf4j\slf4j-api\1.7.36\slf4j-api-1.7.36.jar;C:\Users\MarieBONIFACIO\.m2\repository\org\junit\jupiter\junit-jupiter\5.9.2\junit-jupiter-5.9.2.jar;C:\Users\MarieBONIFACIO\.m2\repository\org\junit\jupiter\junit-jupiter-api\5.9.2\junit-jupiter-api-5.9.2.jar;C:\Users\MarieBONIFACIO\.m2\repository\org\opentest4j\opentest4j\1.2.0\opentest4j-1.2.0.jar;C:\Users\MarieBONIFACIO\.m2\repository\org\junit\platform\junit-platform-commons\1.9.2\junit-platform-commons-1.9.2.jar;C:\Users\MarieBONIFACIO\.m2\repository\org\apiguardian\apiguardian-api\1.1.2\apiguardian-api-1.1.2.jar;C:\Users\MarieBONIFACIO\.m2\repository\org\junit\jupiter\junit-jupiter-params\5.9.2\junit-jupiter-params-5.9.2.jar;C:\Users\MarieBONIFACIO\.m2\repository\org\junit\jupiter\junit-jupiter-engine\5.9.2\junit-jupiter-engine-5.9.2.jar;C:\Users\MarieBONIFACIO\.m2\repository\org\junit\platform\junit-platform-engine\1.9.2\junit-platform-engine-1.9.2.jar;C:\Users\MarieBONIFACIO\.m2\repository\org\testcontainers\junit-jupiter\1.18.3\junit-jupiter-1.18.3.jar;C:\Users\MarieBONIFACIO\.m2\repository\org\testcontainers\testcontainers\1.18.3\testcontainers-1.18.3.jar;C:\Users\MarieBONIFACIO\.m2\repository\junit\junit\4.13.2\junit-4.13.2.jar;C:\Users\MarieBONIFACIO\.m2\repository\org\hamcrest\hamcrest-core\1.3\hamcrest-core-1.3.jar;C:\Users\MarieBONIFACIO\.m2\repository\org\apache\commons\commons-compress\1.23.0\commons-compress-1.23.0.jar;C:\Users\MarieBONIFACIO\.m2\repository\org\rnorth\duct-tape\duct-tape\1.0.8\duct-tape-1.0.8.jar;C:\Users\MarieBONIFACIO\.m2\repository\org\jetbrains\annotations\17.0.0\annotations-17.0.0.jar;C:\Users\MarieBONIFACIO\.m2\repository\com\github\docker-java\docker-java-api\3.3.0\docker-java-api-3.3.0.jar;C:\Users\MarieBONIFACIO\.m2\repository\com\github\docker-java\docker-java-transport-zerodep\3.3.0\docker-java-transport-zerodep-3.3.0.jar;C:\Users\MarieBONIFACIO\.m2\repository\com\github\docker-java\docker-java-transport\3.3.0\docker-java-transport-3.3.0.jar;C:\Users\MarieBONIFACIO\.m2\repository\net\java\dev\jna\jna\5.12.1\jna-5.12.1.jar;C:\Users\MarieBONIFACIO\.m2\repository\org\awaitility\awaitility\4.2.0\awaitility-4.2.0.jar;C:\Users\MarieBONIFACIO\.m2\repository\org\hamcrest\hamcrest\2.1\hamcrest-2.1.jar;C:\Users\MarieBONIFACIO\.m2\repository\org\testcontainers\kafka\1.19.0\kafka-1.19.0.jar;C:\Users\MarieBONIFACIO\.m2\repository\com\fasterxml\jackson\core\jackson-databind\2.15.2\jackson-databind-2.15.2.jar;C:\Users\MarieBONIFACIO\.m2\repository\com\fasterxml\jackson\core\jackson-annotations\2.15.2\jackson-annotations-2.15.2.jar;C:\Users\MarieBONIFACIO\.m2\repository\com\fasterxml\jackson\core\jackson-core\2.15.2\jackson-core-2.15.2.jar;C:\Users\MarieBONIFACIO\.m2\repository\io\confluent\kafka-json-schema-serializer\7.5.0\kafka-json-schema-serializer-7.5.0.jar;C:\Users\MarieBONIFACIO\.m2\repository\io\confluent\kafka-json-schema-provider\7.5.0\kafka-json-schema-provider-7.5.0.jar;C:\Users\MarieBONIFACIO\.m2\repository\com\github\erosb\everit-json-schema\1.14.2\everit-json-schema-1.14.2.jar;C:\Users\MarieBONIFACIO\.m2\repository\org\json\json\20230227\json-20230227.jar;C:\Users\MarieBONIFACIO\.m2\repository\commons-validator\commons-validator\1.7\commons-validator-1.7.jar;C:\Users\MarieBONIFACIO\.m2\repository\commons-digester\commons-digester\2.1\commons-digester-2.1.jar;C:\Users\MarieBONIFACIO\.m2\repository\commons-logging\commons-logging\1.2\commons-logging-1.2.jar;C:\Users\MarieBONIFACIO\.m2\repository\commons-collections\commons-collections\3.2.2\commons-collections-3.2.2.jar;C:\Users\MarieBONIFACIO\.m2\repository\com\damnhandy\handy-uri-templates\2.1.8\handy-uri-templates-2.1.8.jar;C:\Users\MarieBONIFACIO\.m2\repository\com\google\re2j\re2j\1.6\re2j-1.6.jar;C:\Users\MarieBONIFACIO\.m2\repository\com\fasterxml\jackson\datatype\jackson-datatype-guava\2.14.2\jackson-datatype-guava-2.14.2.jar;C:\Users\MarieBONIFACIO\.m2\repository\com\fasterxml\jackson\datatype\jackson-datatype-jdk8\2.14.2\jackson-datatype-jdk8-2.14.2.jar;C:\Users\MarieBONIFACIO\.m2\repository\com\fasterxml\jackson\datatype\jackson-datatype-joda\2.14.2\jackson-datatype-joda-2.14.2.jar;C:\Users\MarieBONIFACIO\.m2\repository\joda-time\joda-time\2.10.8\joda-time-2.10.8.jar;C:\Users\MarieBONIFACIO\.m2\repository\com\fasterxml\jackson\datatype\jackson-datatype-jsr310\2.14.2\jackson-datatype-jsr310-2.14.2.jar;C:\Users\MarieBONIFACIO\.m2\repository\com\fasterxml\jackson\module\jackson-module-parameter-names\2.14.2\jackson-module-parameter-names-2.14.2.jar;C:\Users\MarieBONIFACIO\.m2\repository\com\kjetland\mbknor-jackson-jsonschema_2.13\1.0.39\mbknor-jackson-jsonschema_2.13-1.0.39.jar;C:\Users\MarieBONIFACIO\.m2\repository\org\scala-lang\scala-library\2.13.1\scala-library-2.13.1.jar;C:\Users\MarieBONIFACIO\.m2\repository\javax\validation\validation-api\2.0.1.Final\validation-api-2.0.1.Final.jar;C:\Users\MarieBONIFACIO\.m2\repository\io\github\classgraph\classgraph\4.8.21\classgraph-4.8.21.jar;C:\Users\MarieBONIFACIO\.m2\repository\org\jetbrains\kotlin\kotlin-stdlib\1.6.0\kotlin-stdlib-1.6.0.jar;C:\Users\MarieBONIFACIO\.m2\repository\org\jetbrains\kotlin\kotlin-stdlib-common\1.6.0\kotlin-stdlib-common-1.6.0.jar;C:\Users\MarieBONIFACIO\.m2\repository\org\jetbrains\kotlin\kotlin-scripting-jvm\1.6.0\kotlin-scripting-jvm-1.6.0.jar;C:\Users\MarieBONIFACIO\.m2\repository\org\jetbrains\kotlin\kotlin-script-runtime\1.6.0\kotlin-script-runtime-1.6.0.jar;C:\Users\MarieBONIFACIO\.m2\repository\org\jetbrains\kotlin\kotlin-scripting-common\1.6.0\kotlin-scripting-common-1.6.0.jar;C:\Users\MarieBONIFACIO\.m2\repository\org\jetbrains\kotlin\kotlin-scripting-compiler-embeddable\1.6.0\kotlin-scripting-compiler-embeddable-1.6.0.jar;C:\Users\MarieBONIFACIO\.m2\repository\org\jetbrains\kotlin\kotlin-scripting-compiler-impl-embeddable\1.6.0\kotlin-scripting-compiler-impl-embeddable-1.6.0.jar;C:\Users\MarieBONIFACIO\.m2\repository\io\confluent\kafka-schema-serializer\7.5.0\kafka-schema-serializer-7.5.0.jar;C:\Users\MarieBONIFACIO\.m2\repository\io\confluent\kafka-json-serializer\7.5.0\kafka-json-serializer-7.5.0.jar;C:\Users\MarieBONIFACIO\.m2\repository\io\confluent\common-config\7.5.0\common-config-7.5.0.jar;C:\Users\MarieBONIFACIO\.m2\repository\io\confluent\kafka-schema-registry-client\7.5.0\kafka-schema-registry-client-7.5.0.jar;C:\Users\MarieBONIFACIO\.m2\repository\org\yaml\snakeyaml\2.0\snakeyaml-2.0.jar;C:\Users\MarieBONIFACIO\.m2\repository\org\apache\avro\avro\1.11.0\avro-1.11.0.jar;C:\Users\MarieBONIFACIO\.m2\repository\io\swagger\core\v3\swagger-annotations\2.1.10\swagger-annotations-2.1.10.jar;C:\Users\MarieBONIFACIO\.m2\repository\com\google\guava\guava\32.0.1-jre\guava-32.0.1-jre.jar;C:\Users\MarieBONIFACIO\.m2\repository\com\google\guava\failureaccess\1.0.1\failureaccess-1.0.1.jar;C:\Users\MarieBONIFACIO\.m2\repository\com\google\guava\listenablefuture\9999.0-empty-to-avoid-conflict-with-guava\listenablefuture-9999.0-empty-to-avoid-conflict-with-guava.jar;C:\Users\MarieBONIFACIO\.m2\repository\com\google\code\findbugs\jsr305\3.0.2\jsr305-3.0.2.jar;C:\Users\MarieBONIFACIO\.m2\repository\org\checkerframework\checker-qual\3.33.0\checker-qual-3.33.0.jar;C:\Users\MarieBONIFACIO\.m2\repository\com\google\errorprone\error_prone_annotations\2.18.0\error_prone_annotations-2.18.0.jar;C:\Users\MarieBONIFACIO\.m2\repository\com\google\j2objc\j2objc-annotations\2.8\j2objc-annotations-2.8.jar;C:\Users\MarieBONIFACIO\.m2\repository\io\confluent\common-utils\7.5.0\common-utils-7.5.0.jar;C:\Users\MarieBONIFACIO\.m2\repository\org\slf4j\slf4j-simple\1.7.36\slf4j-simple-1.7.36.jar;"/>
    <property name="sun.cpu.endian" value="little"/>
    <property name="user.home" value="C:\Users\MarieBONIFACIO"/>
    <property name="user.language" value="fr"/>
    <property name="java.specification.vendor" value="Oracle Corporation"/>
    <property name="java.version.date" value="2025-04-15"/>
    <property name="java.home" value="C:\Program Files\Eclipse Adoptium\jdk-21.0.7.6-hotspot"/>
    <property name="file.separator" value="\"/>
    <property name="basedir" value="C:\Dev\kafka-training"/>
    <property name="java.vm.compressedOopsMode" value="Zero based"/>
    <property name="line.separator" value="&#10;"/>
    <property name="java.vm.specification.vendor" value="Oracle Corporation"/>
    <property name="java.specification.name" value="Java Platform API Specification"/>
    <property name="surefire.real.class.path" value="C:\Users\MarieBONIFACIO\AppData\Local\Temp\surefire14580234274749343265\surefirebooter-20250527133421289_3.jar"/>
    <property name="user.script" value=""/>
    <property name="sun.management.compiler" value="HotSpot 64-Bit Tiered Compilers"/>
    <property name="java.runtime.version" value="21.0.7+6-LTS"/>
    <property name="user.name" value="MarieBONIFACIO"/>
    <property name="stdout.encoding" value="Cp1252"/>
    <property name="path.separator" value=";"/>
    <property name="os.version" value="10.0"/>
    <property name="java.runtime.name" value="OpenJDK Runtime Environment"/>
    <property name="file.encoding" value="UTF-8"/>
    <property name="java.vm.name" value="OpenJDK 64-Bit Server VM"/>
    <property name="java.vendor.version" value="Temurin-21.0.7+6"/>
    <property name="localRepository" value="C:\Users\MarieBONIFACIO\.m2\repository"/>
    <property name="java.vendor.url.bug" value="https://github.com/adoptium/adoptium-support/issues"/>
    <property name="java.io.tmpdir" value="C:\Users\MARIEB~1\AppData\Local\Temp\"/>
    <property name="java.version" value="21.0.7"/>
    <property name="user.dir" value="C:\Dev\kafka-training"/>
    <property name="os.arch" value="amd64"/>
    <property name="java.vm.specification.name" value="Java Virtual Machine Specification"/>
    <property name="sun.os.patch.level" value=""/>
    <property name="native.encoding" value="Cp1252"/>
    <property name="java.library.path" value="C:\Program Files\Eclipse Adoptium\jdk-21.0.7.6-hotspot\bin;C:\WINDOWS\Sun\Java\bin;C:\WINDOWS\system32;C:\WINDOWS;C:\Program Files\Eclipse Adoptium\jdk-21.0.7.6-hotspot\bin;C:\Program Files\NVIDIA GPU Computing Toolkit\CUDA\v11.8\bin;C:\Program Files\NVIDIA GPU Computing Toolkit\CUDA\v11.8\libnvvp;C:\WINDOWS\system32;C:\WINDOWS;C:\WINDOWS\System32\Wbem;C:\WINDOWS\System32\WindowsPowerShell\v1.0\;C:\WINDOWS\System32\OpenSSH\;C:\Program Files\Java\jre1.8.0_321\bin;C:\Maven\apache-maven-3.9.9\bin;C:\Program Files\NVIDIA Corporation\Nsight Compute 2022.3.0\;C:\Program Files (x86)\NVIDIA Corporation\PhysX\Common;C:\Program Files\nodejs\;C:\Program Files\Microsoft VS Code\bin;C:\Program Files\Git\cmd;C:\ProgramData\chocolatey\bin;C:\Program Files\Docker\Docker\resources\bin;C:\Users\MarieBONIFACIO\AppData\Local\Microsoft\WindowsApps;C:\Users\MarieBONIFACIO\AppData\Roaming\npm;C:\Program Files\Eclipse Adoptium\jdk-21.0.7.6-hotspot\\bin;C:\Maven\apache-maven-3.9.9\bin;C:\ProgramData\chocolatey\bin;;c:\Users\MarieBONIFACIO\AppData\Roaming\Code\User\globalStorage\github.copilot-chat\debugCommand;."/>
    <property name="java.vm.info" value="mixed mode, sharing"/>
    <property name="stderr.encoding" value="Cp1252"/>
    <property name="java.vendor" value="Eclipse Adoptium"/>
    <property name="java.vm.version" value="21.0.7+6-LTS"/>
    <property name="sun.io.unicode.encoding" value="UnicodeLittle"/>
    <property name="java.class.version" value="65.0"/>
  </properties>
  <testcase name="testDeserializationFailsOnMissingAddress" classname="com.example.kafka.KafkaDeserializationResilienceTest" time="4.415">
    <system-err><![CDATA[[main] INFO org.testcontainers.utility.ImageNameSubstitutor - Image name substitution will be performed by: DefaultImageNameSubstitutor (composite of 'ConfigurationFileImageNameSubstitutor' and 'PrefixingImageNameSubstitutor')
[main] INFO org.testcontainers.dockerclient.DockerClientProviderStrategy - Loaded org.testcontainers.dockerclient.NpipeSocketClientProviderStrategy from ~/.testcontainers.properties, will try it first
[main] INFO org.testcontainers.dockerclient.DockerClientProviderStrategy - Found Docker environment with local Npipe socket (npipe:////./pipe/docker_engine)
[main] INFO org.testcontainers.DockerClientFactory - Docker host IP address is localhost
[main] INFO org.testcontainers.DockerClientFactory - Connected to docker: 
  Server Version: 28.1.1
  API Version: 1.49
  Operating System: Docker Desktop
  Total Memory: 7740 MB
[main] INFO tc.testcontainers/ryuk:0.5.1 - Creating container for image: testcontainers/ryuk:0.5.1
[main] INFO tc.testcontainers/ryuk:0.5.1 - Container testcontainers/ryuk:0.5.1 is starting: a59024d834eda7ef3264da02710b90ede2aad8f3aa20e5653b686158fe17aa32
[main] INFO tc.testcontainers/ryuk:0.5.1 - Container testcontainers/ryuk:0.5.1 started in PT1.0154432S
[main] INFO org.testcontainers.utility.RyukResourceReaper - Ryuk started - will monitor and terminate Testcontainers containers on JVM exit
[main] INFO org.testcontainers.DockerClientFactory - Checking the system...
[main] INFO org.testcontainers.DockerClientFactory - ✔︎ Docker server version should be at least 1.6.0
[main] INFO tc.confluentinc/cp-kafka:7.2.1 - Creating container for image: confluentinc/cp-kafka:7.2.1
[main] INFO tc.confluentinc/cp-kafka:7.2.1 - Container confluentinc/cp-kafka:7.2.1 is starting: 0aee664c57819b102c65d7afd7fdc78964e809d1cb88b2168c66ded051034625
[main] INFO tc.confluentinc/cp-kafka:7.2.1 - Container confluentinc/cp-kafka:7.2.1 started in PT6.9669683S
[main] INFO org.apache.kafka.clients.producer.ProducerConfig - ProducerConfig values: 
	acks = -1
	auto.include.jmx.reporter = true
	batch.size = 16384
	bootstrap.servers = [PLAINTEXT://localhost:55069]
	buffer.memory = 33554432
	client.dns.lookup = use_all_dns_ips
	client.id = producer-1
	compression.type = none
	connections.max.idle.ms = 540000
	delivery.timeout.ms = 120000
	enable.idempotence = true
	interceptor.classes = []
	key.serializer = class org.apache.kafka.common.serialization.StringSerializer
	linger.ms = 0
	max.block.ms = 60000
	max.in.flight.requests.per.connection = 5
	max.request.size = 1048576
	metadata.max.age.ms = 300000
	metadata.max.idle.ms = 300000
	metric.reporters = []
	metrics.num.samples = 2
	metrics.recording.level = INFO
	metrics.sample.window.ms = 30000
	partitioner.adaptive.partitioning.enable = true
	partitioner.availability.timeout.ms = 0
	partitioner.class = null
	partitioner.ignore.keys = false
	receive.buffer.bytes = 32768
	reconnect.backoff.max.ms = 1000
	reconnect.backoff.ms = 50
	request.timeout.ms = 30000
	retries = 2147483647
	retry.backoff.ms = 100
	sasl.client.callback.handler.class = null
	sasl.jaas.config = null
	sasl.kerberos.kinit.cmd = /usr/bin/kinit
	sasl.kerberos.min.time.before.relogin = 60000
	sasl.kerberos.service.name = null
	sasl.kerberos.ticket.renew.jitter = 0.05
	sasl.kerberos.ticket.renew.window.factor = 0.8
	sasl.login.callback.handler.class = null
	sasl.login.class = null
	sasl.login.connect.timeout.ms = null
	sasl.login.read.timeout.ms = null
	sasl.login.refresh.buffer.seconds = 300
	sasl.login.refresh.min.period.seconds = 60
	sasl.login.refresh.window.factor = 0.8
	sasl.login.refresh.window.jitter = 0.05
	sasl.login.retry.backoff.max.ms = 10000
	sasl.login.retry.backoff.ms = 100
	sasl.mechanism = GSSAPI
	sasl.oauthbearer.clock.skew.seconds = 30
	sasl.oauthbearer.expected.audience = null
	sasl.oauthbearer.expected.issuer = null
	sasl.oauthbearer.jwks.endpoint.refresh.ms = 3600000
	sasl.oauthbearer.jwks.endpoint.retry.backoff.max.ms = 10000
	sasl.oauthbearer.jwks.endpoint.retry.backoff.ms = 100
	sasl.oauthbearer.jwks.endpoint.url = null
	sasl.oauthbearer.scope.claim.name = scope
	sasl.oauthbearer.sub.claim.name = sub
	sasl.oauthbearer.token.endpoint.url = null
	security.protocol = PLAINTEXT
	security.providers = null
	send.buffer.bytes = 131072
	socket.connection.setup.timeout.max.ms = 30000
	socket.connection.setup.timeout.ms = 10000
	ssl.cipher.suites = null
	ssl.enabled.protocols = [TLSv1.2, TLSv1.3]
	ssl.endpoint.identification.algorithm = https
	ssl.engine.factory.class = null
	ssl.key.password = null
	ssl.keymanager.algorithm = SunX509
	ssl.keystore.certificate.chain = null
	ssl.keystore.key = null
	ssl.keystore.location = null
	ssl.keystore.password = null
	ssl.keystore.type = JKS
	ssl.protocol = TLSv1.3
	ssl.provider = null
	ssl.secure.random.implementation = null
	ssl.trustmanager.algorithm = PKIX
	ssl.truststore.certificates = null
	ssl.truststore.location = null
	ssl.truststore.password = null
	ssl.truststore.type = JKS
	transaction.timeout.ms = 60000
	transactional.id = null
	value.serializer = class org.apache.kafka.common.serialization.StringSerializer

[main] INFO org.apache.kafka.clients.producer.KafkaProducer - [Producer clientId=producer-1] Instantiated an idempotent producer.
[main] INFO org.apache.kafka.common.utils.AppInfoParser - Kafka version: 3.4.0
[main] INFO org.apache.kafka.common.utils.AppInfoParser - Kafka commitId: 2e1947d240607d53
[main] INFO org.apache.kafka.common.utils.AppInfoParser - Kafka startTimeMs: 1748345671104
[main] INFO com.example.kafka.KafkaDeserializationResilienceTest - 📝 Envoi d'un message invalide sur le topic : test-json-champ-manquant-adresse avec key=key-json-champ-manquant-adresse
[kafka-producer-network-thread | producer-1] WARN org.apache.kafka.clients.NetworkClient - [Producer clientId=producer-1] Error while fetching metadata with correlation id 1 : {test-json-champ-manquant-adresse=LEADER_NOT_AVAILABLE}
[kafka-producer-network-thread | producer-1] INFO org.apache.kafka.clients.Metadata - [Producer clientId=producer-1] Cluster ID: RvfZpt6VTjuYeNdTOdeAjw
[kafka-producer-network-thread | producer-1] INFO org.apache.kafka.clients.producer.internals.TransactionManager - [Producer clientId=producer-1] ProducerId set to 0 with epoch 0
[kafka-producer-network-thread | producer-1] WARN org.apache.kafka.clients.NetworkClient - [Producer clientId=producer-1] Error while fetching metadata with correlation id 4 : {test-json-champ-manquant-adresse=LEADER_NOT_AVAILABLE}
[kafka-producer-network-thread | producer-1] WARN org.apache.kafka.clients.NetworkClient - [Producer clientId=producer-1] Error while fetching metadata with correlation id 5 : {test-json-champ-manquant-adresse=LEADER_NOT_AVAILABLE}
[kafka-producer-network-thread | producer-1] INFO org.apache.kafka.clients.Metadata - [Producer clientId=producer-1] Resetting the last seen epoch of partition test-json-champ-manquant-adresse-0 to 0 since the associated topicId changed from null to BGMM9rJyRuC1tYNvyxs9QA
[kafka-producer-network-thread | producer-1] INFO com.example.kafka.KafkaDeserializationResilienceTest - ✅ Message envoyé sur le topic=test-json-champ-manquant-adresse avec offset=0 - partition=0
[main] INFO org.apache.kafka.clients.producer.KafkaProducer - [Producer clientId=producer-1] Closing the Kafka producer with timeoutMillis = 9223372036854775807 ms.
[main] INFO org.apache.kafka.common.metrics.Metrics - Metrics scheduler closed
[main] INFO org.apache.kafka.common.metrics.Metrics - Closing reporter org.apache.kafka.common.metrics.JmxReporter
[main] INFO org.apache.kafka.common.metrics.Metrics - Metrics reporters closed
[main] INFO org.apache.kafka.common.utils.AppInfoParser - App info kafka.producer for producer-1 unregistered
[main] INFO org.apache.kafka.clients.consumer.ConsumerConfig - ConsumerConfig values: 
	allow.auto.create.topics = true
	auto.commit.interval.ms = 5000
	auto.include.jmx.reporter = true
	auto.offset.reset = earliest
	bootstrap.servers = [PLAINTEXT://localhost:55069]
	check.crcs = true
	client.dns.lookup = use_all_dns_ips
	client.id = consumer-group-champ-manquant-adresse-4fcab79b-131f-433f-8277-a77d4a111224-1
	client.rack = 
	connections.max.idle.ms = 540000
	default.api.timeout.ms = 60000
	enable.auto.commit = true
	exclude.internal.topics = true
	fetch.max.bytes = 52428800
	fetch.max.wait.ms = 500
	fetch.min.bytes = 1
	group.id = group-champ-manquant-adresse-4fcab79b-131f-433f-8277-a77d4a111224
	group.instance.id = null
	heartbeat.interval.ms = 3000
	interceptor.classes = []
	internal.leave.group.on.close = true
	internal.throw.on.fetch.stable.offset.unsupported = false
	isolation.level = read_uncommitted
	key.deserializer = class org.apache.kafka.common.serialization.StringDeserializer
	max.partition.fetch.bytes = 1048576
	max.poll.interval.ms = 300000
	max.poll.records = 500
	metadata.max.age.ms = 300000
	metric.reporters = []
	metrics.num.samples = 2
	metrics.recording.level = INFO
	metrics.sample.window.ms = 30000
	partition.assignment.strategy = [class org.apache.kafka.clients.consumer.RangeAssignor, class org.apache.kafka.clients.consumer.CooperativeStickyAssignor]
	receive.buffer.bytes = 65536
	reconnect.backoff.max.ms = 1000
	reconnect.backoff.ms = 50
	request.timeout.ms = 30000
	retry.backoff.ms = 100
	sasl.client.callback.handler.class = null
	sasl.jaas.config = null
	sasl.kerberos.kinit.cmd = /usr/bin/kinit
	sasl.kerberos.min.time.before.relogin = 60000
	sasl.kerberos.service.name = null
	sasl.kerberos.ticket.renew.jitter = 0.05
	sasl.kerberos.ticket.renew.window.factor = 0.8
	sasl.login.callback.handler.class = null
	sasl.login.class = null
	sasl.login.connect.timeout.ms = null
	sasl.login.read.timeout.ms = null
	sasl.login.refresh.buffer.seconds = 300
	sasl.login.refresh.min.period.seconds = 60
	sasl.login.refresh.window.factor = 0.8
	sasl.login.refresh.window.jitter = 0.05
	sasl.login.retry.backoff.max.ms = 10000
	sasl.login.retry.backoff.ms = 100
	sasl.mechanism = GSSAPI
	sasl.oauthbearer.clock.skew.seconds = 30
	sasl.oauthbearer.expected.audience = null
	sasl.oauthbearer.expected.issuer = null
	sasl.oauthbearer.jwks.endpoint.refresh.ms = 3600000
	sasl.oauthbearer.jwks.endpoint.retry.backoff.max.ms = 10000
	sasl.oauthbearer.jwks.endpoint.retry.backoff.ms = 100
	sasl.oauthbearer.jwks.endpoint.url = null
	sasl.oauthbearer.scope.claim.name = scope
	sasl.oauthbearer.sub.claim.name = sub
	sasl.oauthbearer.token.endpoint.url = null
	security.protocol = PLAINTEXT
	security.providers = null
	send.buffer.bytes = 131072
	session.timeout.ms = 45000
	socket.connection.setup.timeout.max.ms = 30000
	socket.connection.setup.timeout.ms = 10000
	ssl.cipher.suites = null
	ssl.enabled.protocols = [TLSv1.2, TLSv1.3]
	ssl.endpoint.identification.algorithm = https
	ssl.engine.factory.class = null
	ssl.key.password = null
	ssl.keymanager.algorithm = SunX509
	ssl.keystore.certificate.chain = null
	ssl.keystore.key = null
	ssl.keystore.location = null
	ssl.keystore.password = null
	ssl.keystore.type = JKS
	ssl.protocol = TLSv1.3
	ssl.provider = null
	ssl.secure.random.implementation = null
	ssl.trustmanager.algorithm = PKIX
	ssl.truststore.certificates = null
	ssl.truststore.location = null
	ssl.truststore.password = null
	ssl.truststore.type = JKS
	value.deserializer = class org.apache.kafka.common.serialization.StringDeserializer

[main] INFO org.apache.kafka.common.utils.AppInfoParser - Kafka version: 3.4.0
[main] INFO org.apache.kafka.common.utils.AppInfoParser - Kafka commitId: 2e1947d240607d53
[main] INFO org.apache.kafka.common.utils.AppInfoParser - Kafka startTimeMs: 1748345673123
[main] INFO org.apache.kafka.clients.consumer.KafkaConsumer - [Consumer clientId=consumer-group-champ-manquant-adresse-4fcab79b-131f-433f-8277-a77d4a111224-1, groupId=group-champ-manquant-adresse-4fcab79b-131f-433f-8277-a77d4a111224] Subscribed to topic(s): test-json-champ-manquant-adresse
[main] INFO com.example.kafka.KafkaDeserializationResilienceTest - 🟡 Début de la lecture du topic test-json-champ-manquant-adresse
[awaitility-thread] INFO org.apache.kafka.clients.Metadata - [Consumer clientId=consumer-group-champ-manquant-adresse-4fcab79b-131f-433f-8277-a77d4a111224-1, groupId=group-champ-manquant-adresse-4fcab79b-131f-433f-8277-a77d4a111224] Resetting the last seen epoch of partition test-json-champ-manquant-adresse-0 to 0 since the associated topicId changed from null to BGMM9rJyRuC1tYNvyxs9QA
[awaitility-thread] INFO org.apache.kafka.clients.Metadata - [Consumer clientId=consumer-group-champ-manquant-adresse-4fcab79b-131f-433f-8277-a77d4a111224-1, groupId=group-champ-manquant-adresse-4fcab79b-131f-433f-8277-a77d4a111224] Cluster ID: RvfZpt6VTjuYeNdTOdeAjw
[awaitility-thread] INFO org.apache.kafka.clients.consumer.internals.ConsumerCoordinator - [Consumer clientId=consumer-group-champ-manquant-adresse-4fcab79b-131f-433f-8277-a77d4a111224-1, groupId=group-champ-manquant-adresse-4fcab79b-131f-433f-8277-a77d4a111224] Discovered group coordinator localhost:55069 (id: 2147483646 rack: null)
[awaitility-thread] INFO org.apache.kafka.clients.consumer.internals.ConsumerCoordinator - [Consumer clientId=consumer-group-champ-manquant-adresse-4fcab79b-131f-433f-8277-a77d4a111224-1, groupId=group-champ-manquant-adresse-4fcab79b-131f-433f-8277-a77d4a111224] (Re-)joining group
[awaitility-thread] INFO org.apache.kafka.clients.consumer.internals.ConsumerCoordinator - [Consumer clientId=consumer-group-champ-manquant-adresse-4fcab79b-131f-433f-8277-a77d4a111224-1, groupId=group-champ-manquant-adresse-4fcab79b-131f-433f-8277-a77d4a111224] Request joining group due to: need to re-join with the given member-id: consumer-group-champ-manquant-adresse-4fcab79b-131f-433f-8277-a77d4a111224-1-ca615be4-50d0-414e-b119-bb2972778b76
[awaitility-thread] INFO org.apache.kafka.clients.consumer.internals.ConsumerCoordinator - [Consumer clientId=consumer-group-champ-manquant-adresse-4fcab79b-131f-433f-8277-a77d4a111224-1, groupId=group-champ-manquant-adresse-4fcab79b-131f-433f-8277-a77d4a111224] Request joining group due to: rebalance failed due to 'The group member needs to have a valid member id before actually entering a consumer group.' (MemberIdRequiredException)
[awaitility-thread] INFO org.apache.kafka.clients.consumer.internals.ConsumerCoordinator - [Consumer clientId=consumer-group-champ-manquant-adresse-4fcab79b-131f-433f-8277-a77d4a111224-1, groupId=group-champ-manquant-adresse-4fcab79b-131f-433f-8277-a77d4a111224] (Re-)joining group
[awaitility-thread] INFO org.apache.kafka.clients.consumer.internals.ConsumerCoordinator - [Consumer clientId=consumer-group-champ-manquant-adresse-4fcab79b-131f-433f-8277-a77d4a111224-1, groupId=group-champ-manquant-adresse-4fcab79b-131f-433f-8277-a77d4a111224] Successfully joined group with generation Generation{generationId=1, memberId='consumer-group-champ-manquant-adresse-4fcab79b-131f-433f-8277-a77d4a111224-1-ca615be4-50d0-414e-b119-bb2972778b76', protocol='range'}
[awaitility-thread] INFO org.apache.kafka.clients.consumer.internals.ConsumerCoordinator - [Consumer clientId=consumer-group-champ-manquant-adresse-4fcab79b-131f-433f-8277-a77d4a111224-1, groupId=group-champ-manquant-adresse-4fcab79b-131f-433f-8277-a77d4a111224] Finished assignment for group at generation 1: {consumer-group-champ-manquant-adresse-4fcab79b-131f-433f-8277-a77d4a111224-1-ca615be4-50d0-414e-b119-bb2972778b76=Assignment(partitions=[test-json-champ-manquant-adresse-0])}
[awaitility-thread] INFO org.apache.kafka.clients.consumer.internals.ConsumerCoordinator - [Consumer clientId=consumer-group-champ-manquant-adresse-4fcab79b-131f-433f-8277-a77d4a111224-1, groupId=group-champ-manquant-adresse-4fcab79b-131f-433f-8277-a77d4a111224] Successfully synced group in generation Generation{generationId=1, memberId='consumer-group-champ-manquant-adresse-4fcab79b-131f-433f-8277-a77d4a111224-1-ca615be4-50d0-414e-b119-bb2972778b76', protocol='range'}
[awaitility-thread] INFO org.apache.kafka.clients.consumer.internals.ConsumerCoordinator - [Consumer clientId=consumer-group-champ-manquant-adresse-4fcab79b-131f-433f-8277-a77d4a111224-1, groupId=group-champ-manquant-adresse-4fcab79b-131f-433f-8277-a77d4a111224] Notifying assignor about the new Assignment(partitions=[test-json-champ-manquant-adresse-0])
[awaitility-thread] INFO org.apache.kafka.clients.consumer.internals.ConsumerCoordinator - [Consumer clientId=consumer-group-champ-manquant-adresse-4fcab79b-131f-433f-8277-a77d4a111224-1, groupId=group-champ-manquant-adresse-4fcab79b-131f-433f-8277-a77d4a111224] Adding newly assigned partitions: test-json-champ-manquant-adresse-0
[awaitility-thread] INFO org.apache.kafka.clients.consumer.internals.ConsumerCoordinator - [Consumer clientId=consumer-group-champ-manquant-adresse-4fcab79b-131f-433f-8277-a77d4a111224-1, groupId=group-champ-manquant-adresse-4fcab79b-131f-433f-8277-a77d4a111224] Found no committed offset for partition test-json-champ-manquant-adresse-0
[awaitility-thread] INFO org.apache.kafka.clients.consumer.internals.SubscriptionState - [Consumer clientId=consumer-group-champ-manquant-adresse-4fcab79b-131f-433f-8277-a77d4a111224-1, groupId=group-champ-manquant-adresse-4fcab79b-131f-433f-8277-a77d4a111224] Resetting offset for partition test-json-champ-manquant-adresse-0 to position FetchPosition{offset=0, offsetEpoch=Optional.empty, currentLeader=LeaderAndEpoch{leader=Optional[localhost:55069 (id: 1 rack: null)], epoch=0}}.
[awaitility-thread] INFO com.example.kafka.KafkaDeserializationResilienceTest - Messages trouvés dans le topic test-json-champ-manquant-adresse : 1
[awaitility-thread] WARN com.example.kafka.KafkaDeserializationResilienceTest - ✅ Erreur capturée [champ-manquant-adresse] sur key=key-json-champ-manquant-adresse : Champ 'address' manquant !
[main] INFO org.apache.kafka.clients.consumer.internals.ConsumerCoordinator - [Consumer clientId=consumer-group-champ-manquant-adresse-4fcab79b-131f-433f-8277-a77d4a111224-1, groupId=group-champ-manquant-adresse-4fcab79b-131f-433f-8277-a77d4a111224] Revoke previously assigned partitions test-json-champ-manquant-adresse-0
[main] INFO org.apache.kafka.clients.consumer.internals.ConsumerCoordinator - [Consumer clientId=consumer-group-champ-manquant-adresse-4fcab79b-131f-433f-8277-a77d4a111224-1, groupId=group-champ-manquant-adresse-4fcab79b-131f-433f-8277-a77d4a111224] Member consumer-group-champ-manquant-adresse-4fcab79b-131f-433f-8277-a77d4a111224-1-ca615be4-50d0-414e-b119-bb2972778b76 sending LeaveGroup request to coordinator localhost:55069 (id: 2147483646 rack: null) due to the consumer is being closed
[main] INFO org.apache.kafka.clients.consumer.internals.ConsumerCoordinator - [Consumer clientId=consumer-group-champ-manquant-adresse-4fcab79b-131f-433f-8277-a77d4a111224-1, groupId=group-champ-manquant-adresse-4fcab79b-131f-433f-8277-a77d4a111224] Resetting generation and member id due to: consumer pro-actively leaving the group
[main] INFO org.apache.kafka.clients.consumer.internals.ConsumerCoordinator - [Consumer clientId=consumer-group-champ-manquant-adresse-4fcab79b-131f-433f-8277-a77d4a111224-1, groupId=group-champ-manquant-adresse-4fcab79b-131f-433f-8277-a77d4a111224] Request joining group due to: consumer pro-actively leaving the group
[main] INFO org.apache.kafka.common.metrics.Metrics - Metrics scheduler closed
[main] INFO org.apache.kafka.common.metrics.Metrics - Closing reporter org.apache.kafka.common.metrics.JmxReporter
[main] INFO org.apache.kafka.common.metrics.Metrics - Metrics reporters closed
[main] INFO org.apache.kafka.common.utils.AppInfoParser - App info kafka.consumer for consumer-group-champ-manquant-adresse-4fcab79b-131f-433f-8277-a77d4a111224-1 unregistered
]]></system-err>
  </testcase>
</testsuite>