<?xml version="1.0" encoding="UTF-8"?>
<testsuite xmlns:xsi="http://www.w3.org/2001/XMLSchema-instance" xsi:noNamespaceSchemaLocation="https://maven.apache.org/surefire/maven-surefire-plugin/xsd/surefire-test-report-3.0.xsd" version="3.0" name="com.example.kafka.KafkaIntegrationPersonTest" time="8.327" tests="1" errors="0" skipped="0" failures="0">
  <properties>
    <property name="java.specification.version" value="21"/>
    <property name="sun.cpu.isalist" value="amd64"/>
    <property name="sun.jnu.encoding" value="Cp1252"/>
    <property name="java.class.path" value="C:\Dev\kafka-training\target\test-classes;C:\Dev\kafka-training\target\classes;C:\Users\MarieBONIFACIO\.m2\repository\org\apache\kafka\kafka-clients\3.4.0\kafka-clients-3.4.0.jar;C:\Users\MarieBONIFACIO\.m2\repository\com\github\luben\zstd-jni\1.5.2-1\zstd-jni-1.5.2-1.jar;C:\Users\MarieBONIFACIO\.m2\repository\org\lz4\lz4-java\1.8.0\lz4-java-1.8.0.jar;C:\Users\MarieBONIFACIO\.m2\repository\org\xerial\snappy\snappy-java\1.1.8.4\snappy-java-1.1.8.4.jar;C:\Users\MarieBONIFACIO\.m2\repository\org\slf4j\slf4j-api\1.7.36\slf4j-api-1.7.36.jar;C:\Users\MarieBONIFACIO\.m2\repository\org\junit\jupiter\junit-jupiter\5.9.2\junit-jupiter-5.9.2.jar;C:\Users\MarieBONIFACIO\.m2\repository\org\junit\jupiter\junit-jupiter-api\5.9.2\junit-jupiter-api-5.9.2.jar;C:\Users\MarieBONIFACIO\.m2\repository\org\opentest4j\opentest4j\1.2.0\opentest4j-1.2.0.jar;C:\Users\MarieBONIFACIO\.m2\repository\org\junit\platform\junit-platform-commons\1.9.2\junit-platform-commons-1.9.2.jar;C:\Users\MarieBONIFACIO\.m2\repository\org\apiguardian\apiguardian-api\1.1.2\apiguardian-api-1.1.2.jar;C:\Users\MarieBONIFACIO\.m2\repository\org\junit\jupiter\junit-jupiter-params\5.9.2\junit-jupiter-params-5.9.2.jar;C:\Users\MarieBONIFACIO\.m2\repository\org\junit\jupiter\junit-jupiter-engine\5.9.2\junit-jupiter-engine-5.9.2.jar;C:\Users\MarieBONIFACIO\.m2\repository\org\junit\platform\junit-platform-engine\1.9.2\junit-platform-engine-1.9.2.jar;C:\Users\MarieBONIFACIO\.m2\repository\org\testcontainers\junit-jupiter\1.18.3\junit-jupiter-1.18.3.jar;C:\Users\MarieBONIFACIO\.m2\repository\org\testcontainers\testcontainers\1.18.3\testcontainers-1.18.3.jar;C:\Users\MarieBONIFACIO\.m2\repository\junit\junit\4.13.2\junit-4.13.2.jar;C:\Users\MarieBONIFACIO\.m2\repository\org\hamcrest\hamcrest-core\1.3\hamcrest-core-1.3.jar;C:\Users\MarieBONIFACIO\.m2\repository\org\apache\commons\commons-compress\1.23.0\commons-compress-1.23.0.jar;C:\Users\MarieBONIFACIO\.m2\repository\org\rnorth\duct-tape\duct-tape\1.0.8\duct-tape-1.0.8.jar;C:\Users\MarieBONIFACIO\.m2\repository\org\jetbrains\annotations\17.0.0\annotations-17.0.0.jar;C:\Users\MarieBONIFACIO\.m2\repository\com\github\docker-java\docker-java-api\3.3.0\docker-java-api-3.3.0.jar;C:\Users\MarieBONIFACIO\.m2\repository\com\github\docker-java\docker-java-transport-zerodep\3.3.0\docker-java-transport-zerodep-3.3.0.jar;C:\Users\MarieBONIFACIO\.m2\repository\com\github\docker-java\docker-java-transport\3.3.0\docker-java-transport-3.3.0.jar;C:\Users\MarieBONIFACIO\.m2\repository\net\java\dev\jna\jna\5.12.1\jna-5.12.1.jar;C:\Users\MarieBONIFACIO\.m2\repository\org\awaitility\awaitility\4.2.0\awaitility-4.2.0.jar;C:\Users\MarieBONIFACIO\.m2\repository\org\hamcrest\hamcrest\2.1\hamcrest-2.1.jar;C:\Users\MarieBONIFACIO\.m2\repository\org\testcontainers\kafka\1.19.0\kafka-1.19.0.jar;C:\Users\MarieBONIFACIO\.m2\repository\com\fasterxml\jackson\core\jackson-databind\2.15.2\jackson-databind-2.15.2.jar;C:\Users\MarieBONIFACIO\.m2\repository\com\fasterxml\jackson\core\jackson-annotations\2.15.2\jackson-annotations-2.15.2.jar;C:\Users\MarieBONIFACIO\.m2\repository\com\fasterxml\jackson\core\jackson-core\2.15.2\jackson-core-2.15.2.jar;C:\Users\MarieBONIFACIO\.m2\repository\io\confluent\kafka-json-schema-serializer\7.5.0\kafka-json-schema-serializer-7.5.0.jar;C:\Users\MarieBONIFACIO\.m2\repository\io\confluent\kafka-json-schema-provider\7.5.0\kafka-json-schema-provider-7.5.0.jar;C:\Users\MarieBONIFACIO\.m2\repository\com\github\erosb\everit-json-schema\1.14.2\everit-json-schema-1.14.2.jar;C:\Users\MarieBONIFACIO\.m2\repository\org\json\json\20230227\json-20230227.jar;C:\Users\MarieBONIFACIO\.m2\repository\commons-validator\commons-validator\1.7\commons-validator-1.7.jar;C:\Users\MarieBONIFACIO\.m2\repository\commons-digester\commons-digester\2.1\commons-digester-2.1.jar;C:\Users\MarieBONIFACIO\.m2\repository\commons-logging\commons-logging\1.2\commons-logging-1.2.jar;C:\Users\MarieBONIFACIO\.m2\repository\commons-collections\commons-collections\3.2.2\commons-collections-3.2.2.jar;C:\Users\MarieBONIFACIO\.m2\repository\com\damnhandy\handy-uri-templates\2.1.8\handy-uri-templates-2.1.8.jar;C:\Users\MarieBONIFACIO\.m2\repository\com\google\re2j\re2j\1.6\re2j-1.6.jar;C:\Users\MarieBONIFACIO\.m2\repository\com\fasterxml\jackson\datatype\jackson-datatype-guava\2.14.2\jackson-datatype-guava-2.14.2.jar;C:\Users\MarieBONIFACIO\.m2\repository\com\fasterxml\jackson\datatype\jackson-datatype-jdk8\2.14.2\jackson-datatype-jdk8-2.14.2.jar;C:\Users\MarieBONIFACIO\.m2\repository\com\fasterxml\jackson\datatype\jackson-datatype-joda\2.14.2\jackson-datatype-joda-2.14.2.jar;C:\Users\MarieBONIFACIO\.m2\repository\joda-time\joda-time\2.10.8\joda-time-2.10.8.jar;C:\Users\MarieBONIFACIO\.m2\repository\com\fasterxml\jackson\datatype\jackson-datatype-jsr310\2.14.2\jackson-datatype-jsr310-2.14.2.jar;C:\Users\MarieBONIFACIO\.m2\repository\com\fasterxml\jackson\module\jackson-module-parameter-names\2.14.2\jackson-module-parameter-names-2.14.2.jar;C:\Users\MarieBONIFACIO\.m2\repository\com\kjetland\mbknor-jackson-jsonschema_2.13\1.0.39\mbknor-jackson-jsonschema_2.13-1.0.39.jar;C:\Users\MarieBONIFACIO\.m2\repository\org\scala-lang\scala-library\2.13.1\scala-library-2.13.1.jar;C:\Users\MarieBONIFACIO\.m2\repository\javax\validation\validation-api\2.0.1.Final\validation-api-2.0.1.Final.jar;C:\Users\MarieBONIFACIO\.m2\repository\io\github\classgraph\classgraph\4.8.21\classgraph-4.8.21.jar;C:\Users\MarieBONIFACIO\.m2\repository\org\jetbrains\kotlin\kotlin-stdlib\1.6.0\kotlin-stdlib-1.6.0.jar;C:\Users\MarieBONIFACIO\.m2\repository\org\jetbrains\kotlin\kotlin-stdlib-common\1.6.0\kotlin-stdlib-common-1.6.0.jar;C:\Users\MarieBONIFACIO\.m2\repository\org\jetbrains\kotlin\kotlin-scripting-jvm\1.6.0\kotlin-scripting-jvm-1.6.0.jar;C:\Users\MarieBONIFACIO\.m2\repository\org\jetbrains\kotlin\kotlin-script-runtime\1.6.0\kotlin-script-runtime-1.6.0.jar;C:\Users\MarieBONIFACIO\.m2\repository\org\jetbrains\kotlin\kotlin-scripting-common\1.6.0\kotlin-scripting-common-1.6.0.jar;C:\Users\MarieBONIFACIO\.m2\repository\org\jetbrains\kotlin\kotlin-scripting-compiler-embeddable\1.6.0\kotlin-scripting-compiler-embeddable-1.6.0.jar;C:\Users\MarieBONIFACIO\.m2\repository\org\jetbrains\kotlin\kotlin-scripting-compiler-impl-embeddable\1.6.0\kotlin-scripting-compiler-impl-embeddable-1.6.0.jar;C:\Users\MarieBONIFACIO\.m2\repository\io\confluent\kafka-schema-serializer\7.5.0\kafka-schema-serializer-7.5.0.jar;C:\Users\MarieBONIFACIO\.m2\repository\io\confluent\kafka-json-serializer\7.5.0\kafka-json-serializer-7.5.0.jar;C:\Users\MarieBONIFACIO\.m2\repository\io\confluent\common-config\7.5.0\common-config-7.5.0.jar;C:\Users\MarieBONIFACIO\.m2\repository\io\confluent\kafka-schema-registry-client\7.5.0\kafka-schema-registry-client-7.5.0.jar;C:\Users\MarieBONIFACIO\.m2\repository\org\yaml\snakeyaml\2.0\snakeyaml-2.0.jar;C:\Users\MarieBONIFACIO\.m2\repository\org\apache\avro\avro\1.11.0\avro-1.11.0.jar;C:\Users\MarieBONIFACIO\.m2\repository\io\swagger\core\v3\swagger-annotations\2.1.10\swagger-annotations-2.1.10.jar;C:\Users\MarieBONIFACIO\.m2\repository\com\google\guava\guava\32.0.1-jre\guava-32.0.1-jre.jar;C:\Users\MarieBONIFACIO\.m2\repository\com\google\guava\failureaccess\1.0.1\failureaccess-1.0.1.jar;C:\Users\MarieBONIFACIO\.m2\repository\com\google\guava\listenablefuture\9999.0-empty-to-avoid-conflict-with-guava\listenablefuture-9999.0-empty-to-avoid-conflict-with-guava.jar;C:\Users\MarieBONIFACIO\.m2\repository\com\google\code\findbugs\jsr305\3.0.2\jsr305-3.0.2.jar;C:\Users\MarieBONIFACIO\.m2\repository\org\checkerframework\checker-qual\3.33.0\checker-qual-3.33.0.jar;C:\Users\MarieBONIFACIO\.m2\repository\com\google\errorprone\error_prone_annotations\2.18.0\error_prone_annotations-2.18.0.jar;C:\Users\MarieBONIFACIO\.m2\repository\com\google\j2objc\j2objc-annotations\2.8\j2objc-annotations-2.8.jar;C:\Users\MarieBONIFACIO\.m2\repository\io\confluent\common-utils\7.5.0\common-utils-7.5.0.jar;"/>
    <property name="java.vm.vendor" value="Eclipse Adoptium"/>
    <property name="sun.arch.data.model" value="64"/>
    <property name="user.variant" value=""/>
    <property name="java.vendor.url" value="https://adoptium.net/"/>
    <property name="user.timezone" value="Europe/Paris"/>
    <property name="os.name" value="Windows 11"/>
    <property name="java.vm.specification.version" value="21"/>
    <property name="sun.java.launcher" value="SUN_STANDARD"/>
    <property name="user.country" value="FR"/>
    <property name="sun.boot.library.path" value="C:\Program Files\Eclipse Adoptium\jdk-21.0.7.6-hotspot\bin"/>
    <property name="sun.java.command" value="C:\Users\MarieBONIFACIO\AppData\Local\Temp\surefire12779839471089700295\surefirebooter-20250513141353507_3.jar C:\Users\MarieBONIFACIO\AppData\Local\Temp\surefire12779839471089700295 2025-05-13T14-13-53_355-jvmRun1 surefire-20250513141353507_1tmp surefire_0-20250513141353507_2tmp"/>
    <property name="jdk.debug" value="release"/>
    <property name="surefire.test.class.path" value="C:\Dev\kafka-training\target\test-classes;C:\Dev\kafka-training\target\classes;C:\Users\MarieBONIFACIO\.m2\repository\org\apache\kafka\kafka-clients\3.4.0\kafka-clients-3.4.0.jar;C:\Users\MarieBONIFACIO\.m2\repository\com\github\luben\zstd-jni\1.5.2-1\zstd-jni-1.5.2-1.jar;C:\Users\MarieBONIFACIO\.m2\repository\org\lz4\lz4-java\1.8.0\lz4-java-1.8.0.jar;C:\Users\MarieBONIFACIO\.m2\repository\org\xerial\snappy\snappy-java\1.1.8.4\snappy-java-1.1.8.4.jar;C:\Users\MarieBONIFACIO\.m2\repository\org\slf4j\slf4j-api\1.7.36\slf4j-api-1.7.36.jar;C:\Users\MarieBONIFACIO\.m2\repository\org\junit\jupiter\junit-jupiter\5.9.2\junit-jupiter-5.9.2.jar;C:\Users\MarieBONIFACIO\.m2\repository\org\junit\jupiter\junit-jupiter-api\5.9.2\junit-jupiter-api-5.9.2.jar;C:\Users\MarieBONIFACIO\.m2\repository\org\opentest4j\opentest4j\1.2.0\opentest4j-1.2.0.jar;C:\Users\MarieBONIFACIO\.m2\repository\org\junit\platform\junit-platform-commons\1.9.2\junit-platform-commons-1.9.2.jar;C:\Users\MarieBONIFACIO\.m2\repository\org\apiguardian\apiguardian-api\1.1.2\apiguardian-api-1.1.2.jar;C:\Users\MarieBONIFACIO\.m2\repository\org\junit\jupiter\junit-jupiter-params\5.9.2\junit-jupiter-params-5.9.2.jar;C:\Users\MarieBONIFACIO\.m2\repository\org\junit\jupiter\junit-jupiter-engine\5.9.2\junit-jupiter-engine-5.9.2.jar;C:\Users\MarieBONIFACIO\.m2\repository\org\junit\platform\junit-platform-engine\1.9.2\junit-platform-engine-1.9.2.jar;C:\Users\MarieBONIFACIO\.m2\repository\org\testcontainers\junit-jupiter\1.18.3\junit-jupiter-1.18.3.jar;C:\Users\MarieBONIFACIO\.m2\repository\org\testcontainers\testcontainers\1.18.3\testcontainers-1.18.3.jar;C:\Users\MarieBONIFACIO\.m2\repository\junit\junit\4.13.2\junit-4.13.2.jar;C:\Users\MarieBONIFACIO\.m2\repository\org\hamcrest\hamcrest-core\1.3\hamcrest-core-1.3.jar;C:\Users\MarieBONIFACIO\.m2\repository\org\apache\commons\commons-compress\1.23.0\commons-compress-1.23.0.jar;C:\Users\MarieBONIFACIO\.m2\repository\org\rnorth\duct-tape\duct-tape\1.0.8\duct-tape-1.0.8.jar;C:\Users\MarieBONIFACIO\.m2\repository\org\jetbrains\annotations\17.0.0\annotations-17.0.0.jar;C:\Users\MarieBONIFACIO\.m2\repository\com\github\docker-java\docker-java-api\3.3.0\docker-java-api-3.3.0.jar;C:\Users\MarieBONIFACIO\.m2\repository\com\github\docker-java\docker-java-transport-zerodep\3.3.0\docker-java-transport-zerodep-3.3.0.jar;C:\Users\MarieBONIFACIO\.m2\repository\com\github\docker-java\docker-java-transport\3.3.0\docker-java-transport-3.3.0.jar;C:\Users\MarieBONIFACIO\.m2\repository\net\java\dev\jna\jna\5.12.1\jna-5.12.1.jar;C:\Users\MarieBONIFACIO\.m2\repository\org\awaitility\awaitility\4.2.0\awaitility-4.2.0.jar;C:\Users\MarieBONIFACIO\.m2\repository\org\hamcrest\hamcrest\2.1\hamcrest-2.1.jar;C:\Users\MarieBONIFACIO\.m2\repository\org\testcontainers\kafka\1.19.0\kafka-1.19.0.jar;C:\Users\MarieBONIFACIO\.m2\repository\com\fasterxml\jackson\core\jackson-databind\2.15.2\jackson-databind-2.15.2.jar;C:\Users\MarieBONIFACIO\.m2\repository\com\fasterxml\jackson\core\jackson-annotations\2.15.2\jackson-annotations-2.15.2.jar;C:\Users\MarieBONIFACIO\.m2\repository\com\fasterxml\jackson\core\jackson-core\2.15.2\jackson-core-2.15.2.jar;C:\Users\MarieBONIFACIO\.m2\repository\io\confluent\kafka-json-schema-serializer\7.5.0\kafka-json-schema-serializer-7.5.0.jar;C:\Users\MarieBONIFACIO\.m2\repository\io\confluent\kafka-json-schema-provider\7.5.0\kafka-json-schema-provider-7.5.0.jar;C:\Users\MarieBONIFACIO\.m2\repository\com\github\erosb\everit-json-schema\1.14.2\everit-json-schema-1.14.2.jar;C:\Users\MarieBONIFACIO\.m2\repository\org\json\json\20230227\json-20230227.jar;C:\Users\MarieBONIFACIO\.m2\repository\commons-validator\commons-validator\1.7\commons-validator-1.7.jar;C:\Users\MarieBONIFACIO\.m2\repository\commons-digester\commons-digester\2.1\commons-digester-2.1.jar;C:\Users\MarieBONIFACIO\.m2\repository\commons-logging\commons-logging\1.2\commons-logging-1.2.jar;C:\Users\MarieBONIFACIO\.m2\repository\commons-collections\commons-collections\3.2.2\commons-collections-3.2.2.jar;C:\Users\MarieBONIFACIO\.m2\repository\com\damnhandy\handy-uri-templates\2.1.8\handy-uri-templates-2.1.8.jar;C:\Users\MarieBONIFACIO\.m2\repository\com\google\re2j\re2j\1.6\re2j-1.6.jar;C:\Users\MarieBONIFACIO\.m2\repository\com\fasterxml\jackson\datatype\jackson-datatype-guava\2.14.2\jackson-datatype-guava-2.14.2.jar;C:\Users\MarieBONIFACIO\.m2\repository\com\fasterxml\jackson\datatype\jackson-datatype-jdk8\2.14.2\jackson-datatype-jdk8-2.14.2.jar;C:\Users\MarieBONIFACIO\.m2\repository\com\fasterxml\jackson\datatype\jackson-datatype-joda\2.14.2\jackson-datatype-joda-2.14.2.jar;C:\Users\MarieBONIFACIO\.m2\repository\joda-time\joda-time\2.10.8\joda-time-2.10.8.jar;C:\Users\MarieBONIFACIO\.m2\repository\com\fasterxml\jackson\datatype\jackson-datatype-jsr310\2.14.2\jackson-datatype-jsr310-2.14.2.jar;C:\Users\MarieBONIFACIO\.m2\repository\com\fasterxml\jackson\module\jackson-module-parameter-names\2.14.2\jackson-module-parameter-names-2.14.2.jar;C:\Users\MarieBONIFACIO\.m2\repository\com\kjetland\mbknor-jackson-jsonschema_2.13\1.0.39\mbknor-jackson-jsonschema_2.13-1.0.39.jar;C:\Users\MarieBONIFACIO\.m2\repository\org\scala-lang\scala-library\2.13.1\scala-library-2.13.1.jar;C:\Users\MarieBONIFACIO\.m2\repository\javax\validation\validation-api\2.0.1.Final\validation-api-2.0.1.Final.jar;C:\Users\MarieBONIFACIO\.m2\repository\io\github\classgraph\classgraph\4.8.21\classgraph-4.8.21.jar;C:\Users\MarieBONIFACIO\.m2\repository\org\jetbrains\kotlin\kotlin-stdlib\1.6.0\kotlin-stdlib-1.6.0.jar;C:\Users\MarieBONIFACIO\.m2\repository\org\jetbrains\kotlin\kotlin-stdlib-common\1.6.0\kotlin-stdlib-common-1.6.0.jar;C:\Users\MarieBONIFACIO\.m2\repository\org\jetbrains\kotlin\kotlin-scripting-jvm\1.6.0\kotlin-scripting-jvm-1.6.0.jar;C:\Users\MarieBONIFACIO\.m2\repository\org\jetbrains\kotlin\kotlin-script-runtime\1.6.0\kotlin-script-runtime-1.6.0.jar;C:\Users\MarieBONIFACIO\.m2\repository\org\jetbrains\kotlin\kotlin-scripting-common\1.6.0\kotlin-scripting-common-1.6.0.jar;C:\Users\MarieBONIFACIO\.m2\repository\org\jetbrains\kotlin\kotlin-scripting-compiler-embeddable\1.6.0\kotlin-scripting-compiler-embeddable-1.6.0.jar;C:\Users\MarieBONIFACIO\.m2\repository\org\jetbrains\kotlin\kotlin-scripting-compiler-impl-embeddable\1.6.0\kotlin-scripting-compiler-impl-embeddable-1.6.0.jar;C:\Users\MarieBONIFACIO\.m2\repository\io\confluent\kafka-schema-serializer\7.5.0\kafka-schema-serializer-7.5.0.jar;C:\Users\MarieBONIFACIO\.m2\repository\io\confluent\kafka-json-serializer\7.5.0\kafka-json-serializer-7.5.0.jar;C:\Users\MarieBONIFACIO\.m2\repository\io\confluent\common-config\7.5.0\common-config-7.5.0.jar;C:\Users\MarieBONIFACIO\.m2\repository\io\confluent\kafka-schema-registry-client\7.5.0\kafka-schema-registry-client-7.5.0.jar;C:\Users\MarieBONIFACIO\.m2\repository\org\yaml\snakeyaml\2.0\snakeyaml-2.0.jar;C:\Users\MarieBONIFACIO\.m2\repository\org\apache\avro\avro\1.11.0\avro-1.11.0.jar;C:\Users\MarieBONIFACIO\.m2\repository\io\swagger\core\v3\swagger-annotations\2.1.10\swagger-annotations-2.1.10.jar;C:\Users\MarieBONIFACIO\.m2\repository\com\google\guava\guava\32.0.1-jre\guava-32.0.1-jre.jar;C:\Users\MarieBONIFACIO\.m2\repository\com\google\guava\failureaccess\1.0.1\failureaccess-1.0.1.jar;C:\Users\MarieBONIFACIO\.m2\repository\com\google\guava\listenablefuture\9999.0-empty-to-avoid-conflict-with-guava\listenablefuture-9999.0-empty-to-avoid-conflict-with-guava.jar;C:\Users\MarieBONIFACIO\.m2\repository\com\google\code\findbugs\jsr305\3.0.2\jsr305-3.0.2.jar;C:\Users\MarieBONIFACIO\.m2\repository\org\checkerframework\checker-qual\3.33.0\checker-qual-3.33.0.jar;C:\Users\MarieBONIFACIO\.m2\repository\com\google\errorprone\error_prone_annotations\2.18.0\error_prone_annotations-2.18.0.jar;C:\Users\MarieBONIFACIO\.m2\repository\com\google\j2objc\j2objc-annotations\2.8\j2objc-annotations-2.8.jar;C:\Users\MarieBONIFACIO\.m2\repository\io\confluent\common-utils\7.5.0\common-utils-7.5.0.jar;"/>
    <property name="sun.cpu.endian" value="little"/>
    <property name="user.home" value="C:\Users\MarieBONIFACIO"/>
    <property name="user.language" value="fr"/>
    <property name="java.specification.vendor" value="Oracle Corporation"/>
    <property name="java.version.date" value="2025-04-15"/>
    <property name="java.home" value="C:\Program Files\Eclipse Adoptium\jdk-21.0.7.6-hotspot"/>
    <property name="file.separator" value="\"/>
    <property name="basedir" value="C:\Dev\kafka-training"/>
    <property name="java.vm.compressedOopsMode" value="Zero based"/>
    <property name="line.separator" value="&#10;"/>
    <property name="java.vm.specification.vendor" value="Oracle Corporation"/>
    <property name="java.specification.name" value="Java Platform API Specification"/>
    <property name="surefire.real.class.path" value="C:\Users\MarieBONIFACIO\AppData\Local\Temp\surefire12779839471089700295\surefirebooter-20250513141353507_3.jar"/>
    <property name="user.script" value=""/>
    <property name="sun.management.compiler" value="HotSpot 64-Bit Tiered Compilers"/>
    <property name="java.runtime.version" value="21.0.7+6-LTS"/>
    <property name="user.name" value="MarieBONIFACIO"/>
    <property name="stdout.encoding" value="Cp1252"/>
    <property name="path.separator" value=";"/>
    <property name="os.version" value="10.0"/>
    <property name="java.runtime.name" value="OpenJDK Runtime Environment"/>
    <property name="file.encoding" value="UTF-8"/>
    <property name="java.vm.name" value="OpenJDK 64-Bit Server VM"/>
    <property name="java.vendor.version" value="Temurin-21.0.7+6"/>
    <property name="localRepository" value="C:\Users\MarieBONIFACIO\.m2\repository"/>
    <property name="java.vendor.url.bug" value="https://github.com/adoptium/adoptium-support/issues"/>
    <property name="java.io.tmpdir" value="C:\Users\MARIEB~1\AppData\Local\Temp\"/>
    <property name="java.version" value="21.0.7"/>
    <property name="user.dir" value="C:\Dev\kafka-training"/>
    <property name="os.arch" value="amd64"/>
    <property name="java.vm.specification.name" value="Java Virtual Machine Specification"/>
    <property name="sun.os.patch.level" value=""/>
    <property name="native.encoding" value="Cp1252"/>
    <property name="java.library.path" value="C:\Program Files\Eclipse Adoptium\jdk-21.0.7.6-hotspot\bin;C:\WINDOWS\Sun\Java\bin;C:\WINDOWS\system32;C:\WINDOWS;C:\Program Files (x86)\Common Files\Oracle\Java\java8path;C:\Program Files (x86)\Common Files\Oracle\Java\javapath;C:\Program Files\Eclipse Adoptium\jdk-21.0.7.6-hotspot\bin;C:\Program Files\NVIDIA GPU Computing Toolkit\CUDA\v11.8\bin;C:\Program Files\NVIDIA GPU Computing Toolkit\CUDA\v11.8\libnvvp;C:\WINDOWS\system32;C:\WINDOWS;C:\WINDOWS\System32\Wbem;C:\WINDOWS\System32\WindowsPowerShell\v1.0\;C:\WINDOWS\System32\OpenSSH\;C:\Program Files\Java\jre1.8.0_321\bin;C:\Maven\apache-maven-3.9.9\bin;C:\Program Files\NVIDIA Corporation\Nsight Compute 2022.3.0\;C:\Program Files (x86)\NVIDIA Corporation\PhysX\Common;C:\Program Files\nodejs\;C:\Program Files\Microsoft VS Code\bin;C:\Program Files\Git\cmd;C:\ProgramData\chocolatey\bin;C:\Program Files\Docker\Docker\resources\bin;C:\Users\MarieBONIFACIO\AppData\Local\Programs\Python\Python310\Scripts\;C:\Users\MarieBONIFACIO\AppData\Local\Programs\Python\Python310\;C:\Users\MarieBONIFACIO\AppData\Local\Microsoft\WindowsApps;C:\Users\MarieBONIFACIO\AppData\Roaming\npm;C:\Program Files\Eclipse Adoptium\jdk-21.0.7.6-hotspot\\bin;C:\Maven\apache-maven-3.9.9\bin;C:\ProgramData\chocolatey\bin;;c:\Users\MarieBONIFACIO\AppData\Roaming\Code\User\globalStorage\github.copilot-chat\debugCommand;."/>
    <property name="java.vm.info" value="mixed mode, sharing"/>
    <property name="stderr.encoding" value="Cp1252"/>
    <property name="java.vendor" value="Eclipse Adoptium"/>
    <property name="java.vm.version" value="21.0.7+6-LTS"/>
    <property name="sun.io.unicode.encoding" value="UnicodeLittle"/>
    <property name="java.class.version" value="65.0"/>
  </properties>
  <testcase name="testKafkaProducerWithPersonAndAddress" classname="com.example.kafka.KafkaIntegrationPersonTest" time="1.24">
    <system-out><![CDATA[🚀 Démarrage du test Kafka avec plusieurs personnes imbriquées...
🛠️ Création du producteur Kafka...
📋 Préparation des données à envoyer...
📤 Envoi des messages au topic Kafka : test-btch-JSON
⚙️ Configuration du consommateur Kafka...
📡 Consommateur Kafka abonné au topic : test-btch-JSON
⏳ Attente des messages dans le topic...
✅ Messages reçus : 3
📥 Traitement du message reçu avec clé : key1
🔍 Validation des données du message...
🎉 Validation réussie pour le message avec clé : key1
📥 Traitement du message reçu avec clé : key2
🔍 Validation des données du message...
🎉 Validation réussie pour le message avec clé : key2
📥 Traitement du message reçu avec clé : key3
🔍 Validation des données du message...
🎉 Validation réussie pour le message avec clé : key3
🏁 Fin du test Kafka !
]]></system-out>
  </testcase>
</testsuite>